{
  "stats": {
    "suites": 1,
    "tests": 1,
    "passes": 0,
    "pending": 0,
    "failures": 1,
    "start": "2023-12-13T17:18:09.515Z",
    "end": "2023-12-13T17:18:21.000Z",
    "duration": 11485,
    "testsRegistered": 1,
    "passPercent": 0,
    "pendingPercent": 0,
    "other": 0,
    "hasOther": false,
    "skipped": 0,
    "hasSkipped": false
  },
  "results": [
    {
      "uuid": "a89127a9-66fc-4c22-88a4-c7ba2906596e",
      "title": "",
      "fullFile": "cypress\\e2e\\twisty.cy.js",
      "file": "cypress\\e2e\\twisty.cy.js",
      "beforeHooks": [],
      "afterHooks": [],
      "tests": [],
      "suites": [
        {
          "uuid": "9c064540-0ce5-4fb1-885a-06b6ae9305ee",
          "title": "Login Flow",
          "fullFile": "",
          "file": "",
          "beforeHooks": [],
          "afterHooks": [],
          "tests": [
            {
              "title": "passes",
              "fullTitle": "Login Flow passes",
              "timedOut": null,
              "duration": 8063,
              "state": "failed",
              "speed": null,
              "pass": false,
              "fail": true,
              "pending": false,
              "context": null,
              "code": "cy.visit('https://twisty.ai/');\ncy.title().should('eq', 'twisty is the AI sandbox for creating amazing videos using just text prompts and your imagination');\n//cy.get('#__next > div > div > div > div.sc-8c4f05eb-0.cDCRlR > div > div.sc-8c4f05eb-6.ichjOg > button > div').contains('Sign up').click()\ncy.get('.sc-c62bb006-2 > .sc-dd6c7c3c-0 > .sc-dd6c7c3c-1 > .sc-dd6c7c3c-3 > .sc-dd6c7c3c-4 > .sc-dd6c7c3c-7').contains('Get Started').click();\n// registro     cy.get('#__next > div > div > div > div.sc-60e21f4a-4.fWGneO > div > div.sc-ae8f10bd-1.jfGsUH > div > div > div > div:nth-child(2) > div > div > div.sc-f19a1eba-0.deTKHM').contains('Username').type('elvialeon')\ncy.get('.sc-ddc6c468-6').contains('Log in').click();\ncy.get('#__next > div > div > div > div.sc-60e21f4a-4.fWGneO > div > div.sc-ae8f10bd-1.jfGsUH > div > div > div > div:nth-child(2) > div > div > div.sc-f19a1eba-3.sVyWl > div > input').should('be.visible', {\n  force: true\n}).type('elvia@olinadt.com', {\n  force: true\n});\ncy.get('#__next > div > div > div > div.sc-60e21f4a-4.fWGneO > div > div.sc-ae8f10bd-1.jfGsUH > div > div > div > div:nth-child(3) > div > div > div.sc-f19a1eba-3.sVyWl > div > input').should('be.visible').type('Olinadt123.');\ncy.get('#__next > div > div > div > div.sc-60e21f4a-4.fWGneO > div > div.sc-ae8f10bd-1.jfGsUH > div > div > div > button > div > div').then(() => {\n  cy.get('#__next > div > div > div > div.sc-60e21f4a-4.fWGneO > div > div.sc-ae8f10bd-1.jfGsUH > div > div > div > button > div > div').should('be.visible').click();\n});\ncy.title().should('eq', 'twisty is the AI sandbox for creating amazing videos using just text prompts and your imagination');",
              "err": {
                "message": "AssertionError: Timed out retrying after 4000ms: Expected to find element: `#__next > div > div > div > div.sc-60e21f4a-4.fWGneO > div > div.sc-ae8f10bd-1.jfGsUH > div > div > div > div:nth-child(2) > div > div > div.sc-f19a1eba-3.sVyWl > div > input`, but never found it.",
                "estack": "AssertionError: Timed out retrying after 4000ms: Expected to find element: `#__next > div > div > div > div.sc-60e21f4a-4.fWGneO > div > div.sc-ae8f10bd-1.jfGsUH > div > div > div > div:nth-child(2) > div > div > div.sc-f19a1eba-3.sVyWl > div > input`, but never found it.\n    at Context.eval (webpack://twisty-automation/./cypress/e2e/twisty.cy.js:14:189)",
                "diff": null
              },
              "uuid": "78369784-5c1c-4087-9d66-cc4b49f2106f",
              "parentUUID": "9c064540-0ce5-4fb1-885a-06b6ae9305ee",
              "isHook": false,
              "skipped": false
            }
          ],
          "suites": [],
          "passes": [],
          "failures": [
            "78369784-5c1c-4087-9d66-cc4b49f2106f"
          ],
          "pending": [],
          "skipped": [],
          "duration": 8063,
          "root": false,
          "rootEmpty": false,
          "_timeout": 2000
        }
      ],
      "passes": [],
      "failures": [],
      "pending": [],
      "skipped": [],
      "duration": 0,
      "root": true,
      "rootEmpty": true,
      "_timeout": 2000
    }
  ],
  "meta": {
    "mocha": {
      "version": "7.0.1"
    },
    "mochawesome": {
      "options": {
        "quiet": false,
        "reportFilename": "mochawesome",
        "saveHtml": true,
        "saveJson": true,
        "consoleReporter": "spec",
        "useInlineDiffs": false,
        "code": true
      },
      "version": "7.1.3"
    },
    "marge": {
      "options": {
        "reportDir": "cypress/reports/mocha",
        "overwrite": false,
        "html": true,
        "json": true,
        "video": true
      },
      "version": "6.2.0"
    }
  }
}